<?xml version="1.0" encoding="UTF-8"?>
<!-- Generated by org.testng.reporters.JUnitXMLReporter -->
<testsuite hostname="charan" ignored="2" name="Test" tests="2" failures="0" timestamp="2020-01-24T16:39:51 IST" time="19.366" errors="0">
  <testcase name="Addnewcustomer" time="6.286" classname="com.actiTime.testscripts.Createcustomer"/>
  <testcase name="newproject" time="4.605" classname="com.actiTime.testscripts.Createproject"/>
  <testcase name="@BeforeTest openbrowser" time="0.0" classname="com.actiTime.generics.Baseclass">
    <ignored/>
  </testcase> <!-- @BeforeTest openbrowser -->
  <testcase name="@AfterTest closebrowser" time="0.0" classname="com.actiTime.generics.Baseclass">
    <ignored/>
  </testcase> <!-- @AfterTest closebrowser -->
</testsuite> <!-- Test -->
